\BOOKMARK [1][-]{section.1}{\376\377\000I\000n\000t\000r\000o\000d\000u\000c\000t\000i\000o\000n}{}% 1
\BOOKMARK [2][-]{subsection.1.1}{\376\377\000W\000h\000y\000\040\000a\000\040\000p\000o\000l\000i\000t\000y\000,\000\040\000n\000o\000t\000\040\000a\000\040\000b\000a\000n\000k}{section.1}% 2
\BOOKMARK [2][-]{subsection.1.2}{\376\377\000T\000h\000e\000\040\000w\000a\000l\000l\000e\000t\000-\000h\000i\000s\000t\000o\000r\000y\000\040\000f\000a\000l\000l\000a\000c\000y}{section.1}% 3
\BOOKMARK [2][-]{subsection.1.3}{\376\377\000C\000o\000n\000t\000r\000i\000b\000u\000t\000i\000o\000n\000s}{section.1}% 4
\BOOKMARK [2][-]{subsection.1.4}{\376\377\000P\000a\000p\000e\000r\000\040\000r\000o\000a\000d\000m\000a\000p}{section.1}% 5
\BOOKMARK [1][-]{section.2}{\376\377\000T\000h\000e\000\040\000W\000a\000l\000l\000e\000t\000-\000H\000i\000s\000t\000o\000r\000y\000\040\000F\000a\000l\000l\000a\000c\000y}{}% 6
\BOOKMARK [2][-]{subsection.2.1}{\376\377\000F\000o\000r\000m\000a\000l\000\040\000s\000t\000a\000t\000e\000m\000e\000n\000t}{section.2}% 7
\BOOKMARK [2][-]{subsection.2.2}{\376\377\000T\000h\000r\000e\000e\000\040\000c\000o\000u\000n\000t\000e\000r\000e\000x\000a\000m\000p\000l\000e\000s\000\040\000t\000o\000\040\000p\000o\000t\000e\000n\000t\000i\000a\000l\000\040\000p\000a\000t\000c\000h\000e\000s}{section.2}% 8
\BOOKMARK [2][-]{subsection.2.3}{\376\377\000W\000h\000a\000t\000\040\000t\000h\000i\000s\000\040\000i\000m\000p\000l\000i\000e\000s\000\040\000f\000o\000r\000\040\000d\000e\000s\000i\000g\000n}{section.2}% 9
\BOOKMARK [1][-]{section.3}{\376\377\000B\000a\000c\000k\000g\000r\000o\000u\000n\000d}{}% 10
\BOOKMARK [2][-]{subsection.3.1}{\376\377\000S\000o\000l\000a\000n\000a\000\040\000p\000r\000o\000g\000r\000a\000m\000s\000,\000\040\000P\000D\000A\000s\000,\000\040\000a\000n\000d\000\040\000C\000P\000I}{section.3}% 11
\BOOKMARK [2][-]{subsection.3.2}{\376\377\000T\000r\000u\000s\000t\000e\000d\000\040\000E\000x\000e\000c\000u\000t\000i\000o\000n\000\040\000E\000n\000v\000i\000r\000o\000n\000m\000e\000n\000t\000s}{section.3}% 12
\BOOKMARK [2][-]{subsection.3.3}{\376\377\000H\000T\000T\000P\000-\0004\0000\0002\000\040\000a\000n\000d\000\040\000t\000h\000e\000\040\000x\0004\0000\0002\000\040\000s\000c\000h\000e\000m\000a}{section.3}% 13
\BOOKMARK [1][-]{section.4}{\376\377\000R\000e\000l\000a\000t\000e\000d\000\040\000W\000o\000r\000k}{}% 14
\BOOKMARK [2][-]{subsection.4.1}{\376\377\000O\000n\000-\000c\000h\000a\000i\000n\000\040\000c\000r\000e\000d\000i\000t}{section.4}% 15
\BOOKMARK [2][-]{subsection.4.2}{\376\377\000O\000n\000-\000c\000h\000a\000i\000n\000\040\000i\000d\000e\000n\000t\000i\000t\000y\000\040\000a\000n\000d\000\040\000a\000n\000t\000i\000-\000S\000y\000b\000i\000l}{section.4}% 16
\BOOKMARK [2][-]{subsection.4.3}{\376\377\000A\000g\000e\000n\000t\000\040\000p\000a\000y\000m\000e\000n\000t\000\040\000i\000n\000f\000r\000a\000s\000t\000r\000u\000c\000t\000u\000r\000e}{section.4}% 17
\BOOKMARK [2][-]{subsection.4.4}{\376\377\000D\000A\000O\000\040\000g\000o\000v\000e\000r\000n\000a\000n\000c\000e\000\040\000f\000r\000a\000m\000e\000w\000o\000r\000k\000s}{section.4}% 18
\BOOKMARK [2][-]{subsection.4.5}{\376\377\000W\000h\000e\000r\000e\000\040\000w\000e\000\040\000d\000i\000f\000f\000e\000r}{section.4}% 19
\BOOKMARK [1][-]{section.5}{\376\377\000S\000y\000s\000t\000e\000m\000\040\000a\000n\000d\000\040\000T\000h\000r\000e\000a\000t\000\040\000M\000o\000d\000e\000l}{}% 20
\BOOKMARK [2][-]{subsection.5.1}{\376\377\000A\000c\000t\000o\000r\000s}{section.5}% 21
\BOOKMARK [2][-]{subsection.5.2}{\376\377\000T\000r\000u\000s\000t\000\040\000a\000s\000s\000u\000m\000p\000t\000i\000o\000n\000s}{section.5}% 22
\BOOKMARK [2][-]{subsection.5.3}{\376\377\000A\000d\000v\000e\000r\000s\000a\000r\000y\000\040\000c\000a\000p\000a\000b\000i\000l\000i\000t\000i\000e\000s}{section.5}% 23
\BOOKMARK [2][-]{subsection.5.4}{\376\377\000D\000e\000s\000i\000g\000n\000\040\000g\000o\000a\000l\000s}{section.5}% 24
\BOOKMARK [2][-]{subsection.5.5}{\376\377\000P\000r\000o\000p\000e\000r\000t\000i\000e\000s\000\040\000\050\000o\000v\000e\000r\000v\000i\000e\000w\000\051}{section.5}% 25
\BOOKMARK [1][-]{section.6}{\376\377\000A\000r\000c\000h\000i\000t\000e\000c\000t\000u\000r\000e\000:\000\040\000t\000h\000e\000\040\000p\000o\000l\000i\000s}{}% 26
\BOOKMARK [2][-]{subsection.6.1}{\376\377\000O\000f\000f\000-\000c\000h\000a\000i\000n\000\040\000s\000e\000r\000v\000i\000c\000e\000s}{section.6}% 27
\BOOKMARK [2][-]{subsection.6.2}{\376\377\000D\000e\000p\000l\000o\000y\000e\000d\000\040\000p\000r\000o\000g\000r\000a\000m\000\040\000I\000D\000s}{section.6}% 28
\BOOKMARK [1][-]{section.7}{\376\377\000I\000d\000e\000n\000t\000i\000t\000y}{}% 29
\BOOKMARK [1][-]{section.8}{\376\377\000T\000r\000e\000a\000s\000u\000r\000y}{}% 30
\BOOKMARK [1][-]{section.9}{\376\377\000E\000a\000r\000n\000i\000n\000g\000\040\000R\000a\000i\000l\000s\000\040\000\050\000x\0004\0000\0002\000\051}{}% 31
\BOOKMARK [1][-]{section.10}{\376\377\000C\000r\000e\000d\000i\000t}{}% 32
\BOOKMARK [2][-]{subsection.10.1}{\376\377\000P\000o\000o\000l\000\040\000a\000n\000d\000\040\000c\000r\000e\000d\000i\000t\000\040\000l\000i\000n\000e\000\040\000s\000t\000a\000t\000e}{section.10}% 33
\BOOKMARK [2][-]{subsection.10.2}{\376\377\000I\000n\000t\000e\000r\000e\000s\000t\000\040\000a\000c\000c\000r\000u\000a\000l}{section.10}% 34
\BOOKMARK [2][-]{subsection.10.3}{\376\377\000B\000o\000r\000r\000o\000w}{section.10}% 35
\BOOKMARK [2][-]{subsection.10.4}{\376\377\000R\000e\000p\000a\000y\000:\000\040\000t\000w\000o\000-\000i\000n\000s\000t\000r\000u\000c\000t\000i\000o\000n\000\040\000a\000t\000o\000m\000i\000c\000\040\000f\000l\000o\000w}{section.10}% 36
\BOOKMARK [2][-]{subsection.10.5}{\376\377\000D\000e\000f\000a\000u\000l\000t\000\040\000f\000l\000o\000w\000\040\000a\000n\000d\000\040\000b\000a\000d\000-\000d\000e\000b\000t\000\040\000a\000b\000s\000o\000r\000p\000t\000i\000o\000n}{section.10}% 37
\BOOKMARK [2][-]{subsection.10.6}{\376\377\000C\000r\000e\000d\000i\000t\000\040\000l\000a\000d\000d\000e\000r}{section.10}% 38
\BOOKMARK [2][-]{subsection.10.7}{\376\377\000B\000C\000S\000\040\000o\000r\000a\000c\000l\000e\000\040\000d\000a\000i\000l\000y\000\040\000u\000p\000d\000a\000t\000e}{section.10}% 39
\BOOKMARK [1][-]{section.11}{\376\377\000R\000e\000p\000u\000t\000a\000t\000i\000o\000n}{}% 40
\BOOKMARK [1][-]{section.12}{\376\377\000G\000o\000v\000e\000r\000n\000a\000n\000c\000e}{}% 41
\BOOKMARK [1][-]{section.13}{\376\377\000D\000i\000s\000p\000u\000t\000e\000s}{}% 42
\BOOKMARK [1][-]{section.14}{\376\377\000W\000i\000n\000d\000-\000d\000o\000w\000n}{}% 43
\BOOKMARK [1][-]{section.15}{\376\377\000R\000e\000f\000e\000r\000e\000n\000c\000e\000\040\000A\000g\000e\000n\000t\000\040\000a\000n\000d\000\040\000F\000u\000n\000c\000t\000i\000o\000n\000a\000l\000\040\000W\000a\000l\000k\000t\000h\000r\000o\000u\000g\000h}{}% 44
\BOOKMARK [2][-]{subsection.15.1}{\376\377\000C\000o\000d\000e\000\040\000l\000a\000y\000o\000u\000t}{section.15}% 45
\BOOKMARK [2][-]{subsection.15.2}{\376\377\000L\000o\000o\000p\000\040\000l\000o\000g\000i\000c}{section.15}% 46
\BOOKMARK [2][-]{subsection.15.3}{\376\377\000D\000e\000m\000o\000\040\000p\000a\000r\000a\000m\000e\000t\000e\000r\000s}{section.15}% 47
\BOOKMARK [2][-]{subsection.15.4}{\376\377\000P\000a\000s\000s\000\040\000c\000r\000i\000t\000e\000r\000i\000a}{section.15}% 48
\BOOKMARK [2][-]{subsection.15.5}{\376\377\000R\000e\000s\000u\000l\000t\000s}{section.15}% 49
\BOOKMARK [1][-]{section.16}{\376\377\000F\000o\000r\000m\000a\000l\000\040\000P\000r\000o\000p\000e\000r\000t\000i\000e\000s\000\040\000a\000n\000d\000\040\000P\000r\000o\000o\000f\000\040\000S\000k\000e\000t\000c\000h\000e\000s}{}% 50
\BOOKMARK [1][-]{section.17}{\376\377\000D\000i\000s\000c\000u\000s\000s\000i\000o\000n\000,\000\040\000L\000i\000m\000i\000t\000a\000t\000i\000o\000n\000s\000,\000\040\000O\000p\000e\000n\000\040\000P\000r\000o\000b\000l\000e\000m\000s}{}% 51
\BOOKMARK [2][-]{subsection.17.1}{\376\377\000L\000i\000m\000i\000t\000a\000t\000i\000o\000n\000s\000\040\000o\000f\000\040\000t\000h\000e\000\040\000p\000r\000o\000t\000o\000t\000y\000p\000e}{section.17}% 52
\BOOKMARK [2][-]{subsection.17.2}{\376\377\000O\000p\000e\000n\000\040\000p\000r\000o\000b\000l\000e\000m\000s}{section.17}% 53
\BOOKMARK [1][-]{section.18}{\376\377\000C\000o\000n\000c\000l\000u\000s\000i\000o\000n}{}% 54
\BOOKMARK [1][-]{section*.1}{\376\377\000R\000e\000f\000e\000r\000e\000n\000c\000e\000s}{}% 55
\BOOKMARK [1][-]{section*.2}{\376\377\000A\000p\000p\000e\000n\000d\000i\000x}{}% 56
